{"C:\\Travelport\\Formulario_Real\\Formulario_Real\\src\\components\\Form\\Form.jsx": {"path":"C:\\Travelport\\Formulario_Real\\Formulario_Real\\src\\components\\Form\\Form.jsx","statementMap":{"0":{"start":{"line":9,"column":16},"end":{"line":9,"column":null}},"1":{"start":{"line":1,"column":43},"end":{"line":1,"column":null}},"2":{"start":{"line":2,"column":7},"end":{"line":2,"column":null}},"3":{"start":{"line":3,"column":21},"end":{"line":3,"column":null}},"4":{"start":{"line":4,"column":24},"end":{"line":4,"column":null}},"5":{"start":{"line":5,"column":22},"end":{"line":5,"column":null}},"6":{"start":{"line":6,"column":23},"end":{"line":6,"column":null}},"7":{"start":{"line":7,"column":28},"end":{"line":7,"column":null}},"8":{"start":{"line":11,"column":17},"end":{"line":11,"column":null}},"9":{"start":{"line":12,"column":17},"end":{"line":12,"column":null}},"10":{"start":{"line":13,"column":20},"end":{"line":13,"column":null}},"11":{"start":{"line":14,"column":20},"end":{"line":14,"column":null}},"12":{"start":{"line":15,"column":16},"end":{"line":15,"column":null}},"13":{"start":{"line":17,"column":29},"end":{"line":17,"column":null}},"14":{"start":{"line":19,"column":4},"end":{"line":26,"column":null}},"15":{"start":{"line":20,"column":8},"end":{"line":24,"column":null}},"16":{"start":{"line":21,"column":12},"end":{"line":21,"column":null}},"17":{"start":{"line":23,"column":12},"end":{"line":23,"column":null}},"18":{"start":{"line":28,"column":4},"end":{"line":37,"column":null}},"19":{"start":{"line":29,"column":8},"end":{"line":35,"column":null}},"20":{"start":{"line":32,"column":12},"end":{"line":32,"column":null}},"21":{"start":{"line":34,"column":12},"end":{"line":34,"column":null}},"22":{"start":{"line":39,"column":21},"end":{"line":49,"column":null}},"23":{"start":{"line":40,"column":8},"end":{"line":40,"column":null}},"24":{"start":{"line":42,"column":8},"end":{"line":48,"column":null}},"25":{"start":{"line":47,"column":32},"end":{"line":47,"column":null}},"26":{"start":{"line":51,"column":20},"end":{"line":58,"column":null}},"27":{"start":{"line":52,"column":8},"end":{"line":52,"column":null}},"28":{"start":{"line":53,"column":8},"end":{"line":53,"column":null}},"29":{"start":{"line":54,"column":8},"end":{"line":54,"column":null}},"30":{"start":{"line":55,"column":8},"end":{"line":55,"column":null}},"31":{"start":{"line":56,"column":8},"end":{"line":56,"column":null}},"32":{"start":{"line":57,"column":8},"end":{"line":57,"column":null}},"33":{"start":{"line":60,"column":25},"end":{"line":62,"column":null}},"34":{"start":{"line":72,"column":4},"end":{"line":144,"column":null}},"35":{"start":{"line":157,"column":38},"end":{"line":157,"column":37012}},"36":{"start":{"line":157,"column":42},"end":{"line":157,"column":37001}},"37":{"start":{"line":157,"column":37037},"end":{"line":157,"column":37078}},"38":{"start":{"line":157,"column":37041},"end":{"line":157,"column":37066}},"39":{"start":{"line":157,"column":37078},"end":{"line":157,"column":37086}},"40":{"start":{"line":157,"column":37111},"end":{"line":157,"column":37154}},"41":{"start":{"line":157,"column":37115},"end":{"line":157,"column":37142}},"42":{"start":{"line":157,"column":37154},"end":{"line":157,"column":37162}},"43":{"start":{"line":157,"column":37181},"end":{"line":157,"column":37218}},"44":{"start":{"line":157,"column":37185},"end":{"line":157,"column":37207}},"45":{"start":{"line":157,"column":37237},"end":{"line":157,"column":37277}},"46":{"start":{"line":157,"column":37241},"end":{"line":157,"column":37266}}},"fnMap":{"0":{"name":"Form","decl":{"start":{"line":9,"column":16},"end":{"line":9,"column":null}},"loc":{"start":{"line":9,"column":16},"end":{"line":150,"column":null}}},"1":{"name":"(anonymous_6)","decl":{"start":{"line":19,"column":14},"end":{"line":19,"column":null}},"loc":{"start":{"line":19,"column":14},"end":{"line":26,"column":7}}},"2":{"name":"(anonymous_7)","decl":{"start":{"line":28,"column":14},"end":{"line":28,"column":null}},"loc":{"start":{"line":28,"column":14},"end":{"line":37,"column":7}}},"3":{"name":"(anonymous_8)","decl":{"start":{"line":39,"column":21},"end":{"line":39,"column":22}},"loc":{"start":{"line":39,"column":22},"end":{"line":49,"column":null}}},"4":{"name":"(anonymous_9)","decl":{"start":{"line":51,"column":20},"end":{"line":51,"column":null}},"loc":{"start":{"line":51,"column":20},"end":{"line":58,"column":null}}},"5":{"name":"(anonymous_10)","decl":{"start":{"line":60,"column":25},"end":{"line":60,"column":26}},"loc":{"start":{"line":60,"column":26},"end":{"line":62,"column":null}}},"6":{"name":"oo_cm","decl":{"start":{"line":157,"column":30},"end":{"line":157,"column":38}},"loc":{"start":{"line":157,"column":30},"end":{"line":157,"column":37014}}},"7":{"name":"oo_oo","decl":{"start":{"line":157,"column":37023},"end":{"line":157,"column":37029}},"loc":{"start":{"line":157,"column":37035},"end":{"line":157,"column":37088}}},"8":{"name":"oo_tr","decl":{"start":{"line":157,"column":37097},"end":{"line":157,"column":37103}},"loc":{"start":{"line":157,"column":37109},"end":{"line":157,"column":37164}}},"9":{"name":"oo_ts","decl":{"start":{"line":157,"column":37173},"end":{"line":157,"column":37181}},"loc":{"start":{"line":157,"column":37173},"end":{"line":157,"column":37220}}},"10":{"name":"oo_te","decl":{"start":{"line":157,"column":37229},"end":{"line":157,"column":37237}},"loc":{"start":{"line":157,"column":37229},"end":{"line":157,"column":37279}}}},"branchMap":{"0":{"loc":{"start":{"line":20,"column":8},"end":{"line":24,"column":null}},"type":"if","locations":[{"start":{"line":20,"column":8},"end":{"line":24,"column":null}},{"start":{"line":22,"column":15},"end":{"line":24,"column":null}}]},"1":{"loc":{"start":{"line":20,"column":12},"end":{"line":20,"column":70}},"type":"binary-expr","locations":[{"start":{"line":20,"column":12},"end":{"line":20,"column":47}},{"start":{"line":20,"column":47},"end":{"line":20,"column":70}}]},"2":{"loc":{"start":{"line":29,"column":8},"end":{"line":35,"column":null}},"type":"if","locations":[{"start":{"line":29,"column":8},"end":{"line":35,"column":null}},{"start":{"line":33,"column":15},"end":{"line":35,"column":null}}]},"3":{"loc":{"start":{"line":29,"column":12},"end":{"line":31,"column":52}},"type":"binary-expr","locations":[{"start":{"line":29,"column":12},"end":{"line":29,"column":null}},{"start":{"line":30,"column":15},"end":{"line":30,"column":null}},{"start":{"line":31,"column":15},"end":{"line":31,"column":52}}]},"4":{"loc":{"start":{"line":42,"column":8},"end":{"line":48,"column":null}},"type":"if","locations":[{"start":{"line":42,"column":8},"end":{"line":48,"column":null}}]},"5":{"loc":{"start":{"line":42,"column":12},"end":{"line":46,"column":32}},"type":"binary-expr","locations":[{"start":{"line":42,"column":12},"end":{"line":42,"column":null}},{"start":{"line":43,"column":12},"end":{"line":43,"column":null}},{"start":{"line":44,"column":12},"end":{"line":44,"column":null}},{"start":{"line":45,"column":12},"end":{"line":45,"column":null}},{"start":{"line":46,"column":12},"end":{"line":46,"column":32}}]},"6":{"loc":{"start":{"line":157,"column":49},"end":{"line":157,"column":37001}},"type":"binary-expr","locations":[{"start":{"line":157,"column":49},"end":{"line":157,"column":90}},{"start":{"line":157,"column":90},"end":{"line":157,"column":37001}}]}},"s":{"0":19,"1":1,"2":1,"3":1,"4":1,"5":1,"6":1,"7":1,"8":109,"9":109,"10":109,"11":109,"12":109,"13":109,"14":109,"15":33,"16":1,"17":32,"18":109,"19":44,"20":0,"21":44,"22":109,"23":1,"24":1,"25":1,"26":109,"27":4,"28":4,"29":4,"30":4,"31":4,"32":4,"33":109,"34":109,"35":1,"36":1,"37":1,"38":1,"39":1,"40":0,"41":0,"42":0,"43":0,"44":0,"45":0,"46":0},"f":{"0":109,"1":33,"2":44,"3":1,"4":4,"5":0,"6":1,"7":1,"8":0,"9":0,"10":0},"b":{"0":[1,32],"1":[33,28],"2":[0,44],"3":[44,44,24],"4":[1],"5":[1,1,1,1,1],"6":[1,0]}}
,"C:\\Travelport\\Formulario_Real\\Formulario_Real\\src\\hooks\\useErrorField.jsx": {"path":"C:\\Travelport\\Formulario_Real\\Formulario_Real\\src\\hooks\\useErrorField.jsx","statementMap":{"0":{"start":{"line":4,"column":16},"end":{"line":4,"column":26}},"1":{"start":{"line":14,"column":0},"end":{"line":14,"column":15}},"2":{"start":{"line":1,"column":18},"end":{"line":1,"column":null}},"3":{"start":{"line":2,"column":21},"end":{"line":2,"column":null}},"4":{"start":{"line":6,"column":4},"end":{"line":8,"column":null}},"5":{"start":{"line":14,"column":15},"end":{"line":14,"column":25}}},"fnMap":{"0":{"name":"ErrorField","decl":{"start":{"line":4,"column":16},"end":{"line":4,"column":26}},"loc":{"start":{"line":4,"column":43},"end":{"line":12,"column":null}}}},"branchMap":{},"s":{"0":0,"1":436,"2":1,"3":1,"4":276,"5":1},"f":{"0":276},"b":{}}
,"C:\\Travelport\\Formulario_Real\\Formulario_Real\\src\\hooks\\useField.js": {"path":"C:\\Travelport\\Formulario_Real\\Formulario_Real\\src\\hooks\\useField.js","statementMap":{"0":{"start":{"line":91,"column":0},"end":{"line":91,"column":15}},"1":{"start":{"line":1,"column":36},"end":{"line":1,"column":null}},"2":{"start":{"line":3,"column":17},"end":{"line":90,"column":null}},"3":{"start":{"line":5,"column":30},"end":{"line":5,"column":null}},"4":{"start":{"line":6,"column":42},"end":{"line":6,"column":null}},"5":{"start":{"line":7,"column":38},"end":{"line":7,"column":null}},"6":{"start":{"line":8,"column":52},"end":{"line":8,"column":null}},"7":{"start":{"line":9,"column":30},"end":{"line":9,"column":null}},"8":{"start":{"line":11,"column":31},"end":{"line":19,"column":null}},"9":{"start":{"line":12,"column":24},"end":{"line":12,"column":26}},"10":{"start":{"line":13,"column":8},"end":{"line":17,"column":null}},"11":{"start":{"line":13,"column":21},"end":{"line":13,"column":24}},"12":{"start":{"line":14,"column":12},"end":{"line":16,"column":null}},"13":{"start":{"line":15,"column":16},"end":{"line":15,"column":null}},"14":{"start":{"line":18,"column":8},"end":{"line":18,"column":null}},"15":{"start":{"line":21,"column":25},"end":{"line":29,"column":null}},"16":{"start":{"line":22,"column":26},"end":{"line":22,"column":null}},"17":{"start":{"line":23,"column":8},"end":{"line":27,"column":null}},"18":{"start":{"line":23,"column":21},"end":{"line":23,"column":24}},"19":{"start":{"line":24,"column":12},"end":{"line":26,"column":null}},"20":{"start":{"line":25,"column":16},"end":{"line":25,"column":null}},"21":{"start":{"line":28,"column":8},"end":{"line":28,"column":null}},"22":{"start":{"line":31,"column":28},"end":{"line":39,"column":null}},"23":{"start":{"line":32,"column":8},"end":{"line":37,"column":null}},"24":{"start":{"line":33,"column":31},"end":{"line":33,"column":null}},"25":{"start":{"line":34,"column":12},"end":{"line":34,"column":null}},"26":{"start":{"line":35,"column":12},"end":{"line":35,"column":null}},"27":{"start":{"line":36,"column":12},"end":{"line":36,"column":null}},"28":{"start":{"line":41,"column":31},"end":{"line":48,"column":null}},"29":{"start":{"line":42,"column":8},"end":{"line":47,"column":null}},"30":{"start":{"line":43,"column":31},"end":{"line":43,"column":null}},"31":{"start":{"line":44,"column":12},"end":{"line":44,"column":null}},"32":{"start":{"line":45,"column":12},"end":{"line":45,"column":null}},"33":{"start":{"line":45,"column":42},"end":{"line":45,"column":null}},"34":{"start":{"line":46,"column":12},"end":{"line":46,"column":null}},"35":{"start":{"line":50,"column":4},"end":{"line":75,"column":null}},"36":{"start":{"line":52,"column":8},"end":{"line":73,"column":null}},"37":{"start":{"line":53,"column":31},"end":{"line":53,"column":null}},"38":{"start":{"line":54,"column":30},"end":{"line":54,"column":null}},"39":{"start":{"line":55,"column":12},"end":{"line":63,"column":null}},"40":{"start":{"line":56,"column":16},"end":{"line":56,"column":null}},"41":{"start":{"line":57,"column":16},"end":{"line":57,"column":null}},"42":{"start":{"line":57,"column":68},"end":{"line":57,"column":null}},"43":{"start":{"line":59,"column":16},"end":{"line":62,"column":null}},"44":{"start":{"line":60,"column":20},"end":{"line":60,"column":null}},"45":{"start":{"line":61,"column":20},"end":{"line":61,"column":null}},"46":{"start":{"line":64,"column":12},"end":{"line":72,"column":null}},"47":{"start":{"line":65,"column":16},"end":{"line":65,"column":null}},"48":{"start":{"line":66,"column":16},"end":{"line":66,"column":null}},"49":{"start":{"line":67,"column":16},"end":{"line":67,"column":null}},"50":{"start":{"line":70,"column":16},"end":{"line":70,"column":null}},"51":{"start":{"line":71,"column":16},"end":{"line":71,"column":null}},"52":{"start":{"line":77,"column":29},"end":{"line":79,"column":null}},"53":{"start":{"line":78,"column":8},"end":{"line":78,"column":null}},"54":{"start":{"line":81,"column":21},"end":{"line":84,"column":null}},"55":{"start":{"line":82,"column":8},"end":{"line":82,"column":null}},"56":{"start":{"line":83,"column":8},"end":{"line":83,"column":null}},"57":{"start":{"line":86,"column":4},"end":{"line":88,"column":null}},"58":{"start":{"line":91,"column":15},"end":{"line":91,"column":null}}},"fnMap":{"0":{"name":"(anonymous_1)","decl":{"start":{"line":3,"column":17},"end":{"line":3,"column":null}},"loc":{"start":{"line":3,"column":17},"end":{"line":90,"column":null}}},"1":{"name":"(anonymous_2)","decl":{"start":{"line":11,"column":31},"end":{"line":11,"column":32}},"loc":{"start":{"line":11,"column":46},"end":{"line":19,"column":null}}},"2":{"name":"(anonymous_3)","decl":{"start":{"line":21,"column":25},"end":{"line":21,"column":26}},"loc":{"start":{"line":21,"column":39},"end":{"line":29,"column":null}}},"3":{"name":"(anonymous_4)","decl":{"start":{"line":31,"column":28},"end":{"line":31,"column":29}},"loc":{"start":{"line":31,"column":29},"end":{"line":39,"column":null}}},"4":{"name":"(anonymous_5)","decl":{"start":{"line":41,"column":31},"end":{"line":41,"column":32}},"loc":{"start":{"line":41,"column":32},"end":{"line":48,"column":null}}},"5":{"name":"(anonymous_6)","decl":{"start":{"line":50,"column":14},"end":{"line":50,"column":null}},"loc":{"start":{"line":50,"column":14},"end":{"line":75,"column":7}}},"6":{"name":"(anonymous_7)","decl":{"start":{"line":77,"column":29},"end":{"line":77,"column":null}},"loc":{"start":{"line":77,"column":29},"end":{"line":79,"column":null}}},"7":{"name":"(anonymous_8)","decl":{"start":{"line":81,"column":21},"end":{"line":81,"column":22}},"loc":{"start":{"line":81,"column":22},"end":{"line":84,"column":null}}}},"branchMap":{"0":{"loc":{"start":{"line":14,"column":12},"end":{"line":16,"column":null}},"type":"if","locations":[{"start":{"line":14,"column":12},"end":{"line":16,"column":null}}]},"1":{"loc":{"start":{"line":24,"column":12},"end":{"line":26,"column":null}},"type":"if","locations":[{"start":{"line":24,"column":12},"end":{"line":26,"column":null}}]},"2":{"loc":{"start":{"line":32,"column":8},"end":{"line":37,"column":null}},"type":"if","locations":[{"start":{"line":32,"column":8},"end":{"line":37,"column":null}}]},"3":{"loc":{"start":{"line":42,"column":8},"end":{"line":47,"column":null}},"type":"if","locations":[{"start":{"line":42,"column":8},"end":{"line":47,"column":null}}]},"4":{"loc":{"start":{"line":45,"column":12},"end":{"line":45,"column":null}},"type":"if","locations":[{"start":{"line":45,"column":12},"end":{"line":45,"column":null}}]},"5":{"loc":{"start":{"line":52,"column":8},"end":{"line":73,"column":null}},"type":"if","locations":[{"start":{"line":52,"column":8},"end":{"line":73,"column":null}}]},"6":{"loc":{"start":{"line":55,"column":12},"end":{"line":63,"column":null}},"type":"if","locations":[{"start":{"line":55,"column":12},"end":{"line":63,"column":null}},{"start":{"line":58,"column":19},"end":{"line":63,"column":null}}]},"7":{"loc":{"start":{"line":57,"column":16},"end":{"line":57,"column":null}},"type":"if","locations":[{"start":{"line":57,"column":16},"end":{"line":57,"column":null}}]},"8":{"loc":{"start":{"line":59,"column":16},"end":{"line":62,"column":null}},"type":"if","locations":[{"start":{"line":59,"column":16},"end":{"line":62,"column":null}}]},"9":{"loc":{"start":{"line":64,"column":12},"end":{"line":72,"column":null}},"type":"if","locations":[{"start":{"line":64,"column":12},"end":{"line":72,"column":null}},{"start":{"line":69,"column":19},"end":{"line":72,"column":null}}]}},"s":{"0":545,"1":1,"2":1,"3":545,"4":545,"5":545,"6":545,"7":545,"8":545,"9":0,"10":0,"11":0,"12":0,"13":0,"14":0,"15":545,"16":122,"17":122,"18":122,"19":0,"20":0,"21":122,"22":545,"23":1,"24":1,"25":1,"26":1,"27":1,"28":545,"29":76,"30":0,"31":0,"32":0,"33":0,"34":0,"35":545,"36":140,"37":45,"38":45,"39":45,"40":4,"41":4,"42":4,"43":41,"44":0,"45":0,"46":45,"47":4,"48":4,"49":4,"50":41,"51":41,"52":545,"53":20,"54":545,"55":45,"56":45,"57":545,"58":1},"f":{"0":545,"1":0,"2":122,"3":1,"4":76,"5":140,"6":20,"7":45},"b":{"0":[0],"1":[0],"2":[1],"3":[0],"4":[0],"5":[45],"6":[4,41],"7":[4],"8":[0],"9":[4,41]}}
,"C:\\Travelport\\Formulario_Real\\Formulario_Real\\src\\hooks\\useFormField.jsx": {"path":"C:\\Travelport\\Formulario_Real\\Formulario_Real\\src\\hooks\\useFormField.jsx","statementMap":{"0":{"start":{"line":3,"column":16},"end":{"line":3,"column":25}},"1":{"start":{"line":23,"column":0},"end":{"line":23,"column":15}},"2":{"start":{"line":1,"column":18},"end":{"line":1,"column":null}},"3":{"start":{"line":23,"column":15},"end":{"line":23,"column":24}}},"fnMap":{"0":{"name":"FormField","decl":{"start":{"line":3,"column":16},"end":{"line":3,"column":25}},"loc":{"start":{"line":4,"column":38},"end":{"line":21,"column":null}}}},"branchMap":{},"s":{"0":0,"1":436,"2":1,"3":1},"f":{"0":276},"b":{}}
,"C:\\Travelport\\Formulario_Real\\Formulario_Real\\src\\hooks\\useSelector.js": {"path":"C:\\Travelport\\Formulario_Real\\Formulario_Real\\src\\hooks\\useSelector.js","statementMap":{"0":{"start":{"line":88,"column":0},"end":{"line":88,"column":15}},"1":{"start":{"line":1,"column":36},"end":{"line":1,"column":null}},"2":{"start":{"line":3,"column":20},"end":{"line":87,"column":null}},"3":{"start":{"line":5,"column":30},"end":{"line":5,"column":null}},"4":{"start":{"line":6,"column":42},"end":{"line":6,"column":null}},"5":{"start":{"line":7,"column":38},"end":{"line":7,"column":null}},"6":{"start":{"line":8,"column":52},"end":{"line":8,"column":null}},"7":{"start":{"line":9,"column":30},"end":{"line":9,"column":null}},"8":{"start":{"line":11,"column":31},"end":{"line":19,"column":null}},"9":{"start":{"line":12,"column":24},"end":{"line":12,"column":26}},"10":{"start":{"line":13,"column":8},"end":{"line":17,"column":null}},"11":{"start":{"line":13,"column":21},"end":{"line":13,"column":24}},"12":{"start":{"line":14,"column":12},"end":{"line":16,"column":null}},"13":{"start":{"line":15,"column":16},"end":{"line":15,"column":null}},"14":{"start":{"line":18,"column":8},"end":{"line":18,"column":null}},"15":{"start":{"line":21,"column":25},"end":{"line":29,"column":null}},"16":{"start":{"line":22,"column":26},"end":{"line":22,"column":null}},"17":{"start":{"line":23,"column":8},"end":{"line":27,"column":null}},"18":{"start":{"line":23,"column":21},"end":{"line":23,"column":24}},"19":{"start":{"line":24,"column":12},"end":{"line":26,"column":null}},"20":{"start":{"line":25,"column":16},"end":{"line":25,"column":null}},"21":{"start":{"line":28,"column":8},"end":{"line":28,"column":null}},"22":{"start":{"line":31,"column":28},"end":{"line":39,"column":null}},"23":{"start":{"line":32,"column":8},"end":{"line":37,"column":null}},"24":{"start":{"line":33,"column":31},"end":{"line":33,"column":null}},"25":{"start":{"line":34,"column":12},"end":{"line":34,"column":null}},"26":{"start":{"line":35,"column":12},"end":{"line":35,"column":null}},"27":{"start":{"line":36,"column":12},"end":{"line":36,"column":null}},"28":{"start":{"line":41,"column":31},"end":{"line":48,"column":null}},"29":{"start":{"line":42,"column":8},"end":{"line":47,"column":null}},"30":{"start":{"line":43,"column":31},"end":{"line":43,"column":null}},"31":{"start":{"line":44,"column":12},"end":{"line":44,"column":null}},"32":{"start":{"line":45,"column":12},"end":{"line":45,"column":null}},"33":{"start":{"line":45,"column":42},"end":{"line":45,"column":null}},"34":{"start":{"line":46,"column":12},"end":{"line":46,"column":null}},"35":{"start":{"line":50,"column":4},"end":{"line":74,"column":null}},"36":{"start":{"line":51,"column":8},"end":{"line":72,"column":null}},"37":{"start":{"line":52,"column":31},"end":{"line":52,"column":null}},"38":{"start":{"line":53,"column":30},"end":{"line":53,"column":null}},"39":{"start":{"line":54,"column":12},"end":{"line":62,"column":null}},"40":{"start":{"line":55,"column":16},"end":{"line":55,"column":null}},"41":{"start":{"line":56,"column":16},"end":{"line":56,"column":null}},"42":{"start":{"line":56,"column":68},"end":{"line":56,"column":null}},"43":{"start":{"line":58,"column":16},"end":{"line":61,"column":null}},"44":{"start":{"line":59,"column":20},"end":{"line":59,"column":null}},"45":{"start":{"line":60,"column":20},"end":{"line":60,"column":null}},"46":{"start":{"line":63,"column":12},"end":{"line":71,"column":null}},"47":{"start":{"line":64,"column":16},"end":{"line":64,"column":null}},"48":{"start":{"line":65,"column":16},"end":{"line":65,"column":null}},"49":{"start":{"line":66,"column":16},"end":{"line":66,"column":null}},"50":{"start":{"line":69,"column":16},"end":{"line":69,"column":null}},"51":{"start":{"line":70,"column":16},"end":{"line":70,"column":null}},"52":{"start":{"line":76,"column":32},"end":{"line":78,"column":null}},"53":{"start":{"line":77,"column":8},"end":{"line":77,"column":null}},"54":{"start":{"line":80,"column":21},"end":{"line":83,"column":null}},"55":{"start":{"line":81,"column":8},"end":{"line":81,"column":null}},"56":{"start":{"line":82,"column":8},"end":{"line":82,"column":null}},"57":{"start":{"line":85,"column":4},"end":{"line":85,"column":null}},"58":{"start":{"line":88,"column":15},"end":{"line":88,"column":null}}},"fnMap":{"0":{"name":"(anonymous_1)","decl":{"start":{"line":3,"column":20},"end":{"line":3,"column":null}},"loc":{"start":{"line":3,"column":20},"end":{"line":87,"column":null}}},"1":{"name":"(anonymous_2)","decl":{"start":{"line":11,"column":31},"end":{"line":11,"column":32}},"loc":{"start":{"line":11,"column":46},"end":{"line":19,"column":null}}},"2":{"name":"(anonymous_3)","decl":{"start":{"line":21,"column":25},"end":{"line":21,"column":26}},"loc":{"start":{"line":21,"column":39},"end":{"line":29,"column":null}}},"3":{"name":"(anonymous_4)","decl":{"start":{"line":31,"column":28},"end":{"line":31,"column":29}},"loc":{"start":{"line":31,"column":29},"end":{"line":39,"column":null}}},"4":{"name":"(anonymous_5)","decl":{"start":{"line":41,"column":31},"end":{"line":41,"column":32}},"loc":{"start":{"line":41,"column":32},"end":{"line":48,"column":null}}},"5":{"name":"(anonymous_6)","decl":{"start":{"line":50,"column":14},"end":{"line":50,"column":null}},"loc":{"start":{"line":50,"column":14},"end":{"line":74,"column":7}}},"6":{"name":"(anonymous_7)","decl":{"start":{"line":76,"column":32},"end":{"line":76,"column":null}},"loc":{"start":{"line":76,"column":32},"end":{"line":78,"column":null}}},"7":{"name":"(anonymous_8)","decl":{"start":{"line":80,"column":21},"end":{"line":80,"column":22}},"loc":{"start":{"line":80,"column":22},"end":{"line":83,"column":null}}}},"branchMap":{"0":{"loc":{"start":{"line":14,"column":12},"end":{"line":16,"column":null}},"type":"if","locations":[{"start":{"line":14,"column":12},"end":{"line":16,"column":null}}]},"1":{"loc":{"start":{"line":24,"column":12},"end":{"line":26,"column":null}},"type":"if","locations":[{"start":{"line":24,"column":12},"end":{"line":26,"column":null}}]},"2":{"loc":{"start":{"line":32,"column":8},"end":{"line":37,"column":null}},"type":"if","locations":[{"start":{"line":32,"column":8},"end":{"line":37,"column":null}}]},"3":{"loc":{"start":{"line":42,"column":8},"end":{"line":47,"column":null}},"type":"if","locations":[{"start":{"line":42,"column":8},"end":{"line":47,"column":null}}]},"4":{"loc":{"start":{"line":45,"column":12},"end":{"line":45,"column":null}},"type":"if","locations":[{"start":{"line":45,"column":12},"end":{"line":45,"column":null}}]},"5":{"loc":{"start":{"line":51,"column":8},"end":{"line":72,"column":null}},"type":"if","locations":[{"start":{"line":51,"column":8},"end":{"line":72,"column":null}}]},"6":{"loc":{"start":{"line":54,"column":12},"end":{"line":62,"column":null}},"type":"if","locations":[{"start":{"line":54,"column":12},"end":{"line":62,"column":null}},{"start":{"line":57,"column":19},"end":{"line":62,"column":null}}]},"7":{"loc":{"start":{"line":56,"column":16},"end":{"line":56,"column":null}},"type":"if","locations":[{"start":{"line":56,"column":16},"end":{"line":56,"column":null}}]},"8":{"loc":{"start":{"line":58,"column":16},"end":{"line":61,"column":null}},"type":"if","locations":[{"start":{"line":58,"column":16},"end":{"line":61,"column":null}}]},"9":{"loc":{"start":{"line":63,"column":12},"end":{"line":71,"column":null}},"type":"if","locations":[{"start":{"line":63,"column":12},"end":{"line":71,"column":null}},{"start":{"line":68,"column":19},"end":{"line":71,"column":null}}]}},"s":{"0":109,"1":1,"2":1,"3":109,"4":109,"5":109,"6":109,"7":109,"8":109,"9":0,"10":0,"11":0,"12":0,"13":0,"14":0,"15":109,"16":0,"17":0,"18":0,"19":0,"20":0,"21":0,"22":109,"23":0,"24":0,"25":0,"26":0,"27":0,"28":109,"29":0,"30":0,"31":0,"32":0,"33":0,"34":0,"35":109,"36":19,"37":0,"38":0,"39":0,"40":0,"41":0,"42":0,"43":0,"44":0,"45":0,"46":0,"47":0,"48":0,"49":0,"50":0,"51":0,"52":109,"53":4,"54":109,"55":0,"56":0,"57":109,"58":1},"f":{"0":109,"1":0,"2":0,"3":0,"4":0,"5":19,"6":4,"7":0},"b":{"0":[0],"1":[0],"2":[0],"3":[0],"4":[0],"5":[0],"6":[0,0],"7":[0],"8":[0],"9":[0,0]}}
,"C:\\Travelport\\Formulario_Real\\Formulario_Real\\src\\services\\validateDni.js": {"path":"C:\\Travelport\\Formulario_Real\\Formulario_Real\\src\\services\\validateDni.js","statementMap":{"0":{"start":{"line":2,"column":16},"end":{"line":2,"column":28}},"1":{"start":{"line":4,"column":2},"end":{"line":24,"column":null}},"2":{"start":{"line":6,"column":22},"end":{"line":6,"column":null}},"3":{"start":{"line":8,"column":2},"end":{"line":10,"column":null}},"4":{"start":{"line":9,"column":4},"end":{"line":9,"column":null}},"5":{"start":{"line":12,"column":17},"end":{"line":12,"column":null}},"6":{"start":{"line":13,"column":17},"end":{"line":13,"column":null}},"7":{"start":{"line":14,"column":23},"end":{"line":14,"column":null}},"8":{"start":{"line":15,"column":22},"end":{"line":15,"column":null}},"9":{"start":{"line":16,"column":2},"end":{"line":16,"column":null}},"10":{"start":{"line":18,"column":9},"end":{"line":24,"column":null}},"11":{"start":{"line":19,"column":22},"end":{"line":19,"column":null}},"12":{"start":{"line":20,"column":4},"end":{"line":20,"column":null}},"13":{"start":{"line":21,"column":9},"end":{"line":24,"column":null}},"14":{"start":{"line":22,"column":22},"end":{"line":22,"column":null}},"15":{"start":{"line":23,"column":4},"end":{"line":23,"column":null}},"16":{"start":{"line":25,"column":2},"end":{"line":25,"column":null}}},"fnMap":{"0":{"name":"validateDNI","decl":{"start":{"line":2,"column":16},"end":{"line":2,"column":28}},"loc":{"start":{"line":2,"column":40},"end":{"line":26,"column":null}}}},"branchMap":{"0":{"loc":{"start":{"line":4,"column":2},"end":{"line":24,"column":null}},"type":"if","locations":[{"start":{"line":4,"column":2},"end":{"line":24,"column":null}},{"start":{"line":18,"column":9},"end":{"line":24,"column":null}}]},"1":{"loc":{"start":{"line":8,"column":2},"end":{"line":10,"column":null}},"type":"if","locations":[{"start":{"line":8,"column":2},"end":{"line":10,"column":null}}]},"2":{"loc":{"start":{"line":18,"column":9},"end":{"line":24,"column":null}},"type":"if","locations":[{"start":{"line":18,"column":9},"end":{"line":24,"column":null}},{"start":{"line":21,"column":9},"end":{"line":24,"column":null}}]},"3":{"loc":{"start":{"line":21,"column":9},"end":{"line":24,"column":null}},"type":"if","locations":[{"start":{"line":21,"column":9},"end":{"line":24,"column":null}}]}},"s":{"0":44,"1":44,"2":0,"3":0,"4":0,"5":0,"6":0,"7":0,"8":0,"9":0,"10":44,"11":0,"12":0,"13":44,"14":0,"15":0,"16":44},"f":{"0":44},"b":{"0":[0,44],"1":[0],"2":[0,44],"3":[0]}}
}
