TN:
SF:src\components\Form\Form.jsx
FN:9,Form
FN:19,(anonymous_6)
FN:28,(anonymous_7)
FN:39,(anonymous_8)
FN:51,(anonymous_9)
FN:60,(anonymous_10)
FN:157,oo_cm
FN:157,oo_oo
FN:157,oo_tr
FN:157,oo_ts
FN:157,oo_te
FNF:11
FNH:7
FNDA:109,Form
FNDA:33,(anonymous_6)
FNDA:44,(anonymous_7)
FNDA:1,(anonymous_8)
FNDA:4,(anonymous_9)
FNDA:0,(anonymous_10)
FNDA:1,oo_cm
FNDA:1,oo_oo
FNDA:0,oo_tr
FNDA:0,oo_ts
FNDA:0,oo_te
DA:1,1
DA:2,1
DA:3,1
DA:4,1
DA:5,1
DA:6,1
DA:7,1
DA:9,19
DA:11,109
DA:12,109
DA:13,109
DA:14,109
DA:15,109
DA:17,109
DA:19,109
DA:20,33
DA:21,1
DA:23,32
DA:28,109
DA:29,44
DA:32,0
DA:34,44
DA:39,109
DA:40,1
DA:42,1
DA:47,1
DA:51,109
DA:52,4
DA:53,4
DA:54,4
DA:55,4
DA:56,4
DA:57,4
DA:60,109
DA:72,109
DA:157,1
LF:36
LH:35
BRDA:20,0,0,1
BRDA:20,0,1,32
BRDA:20,1,0,33
BRDA:20,1,1,28
BRDA:29,2,0,0
BRDA:29,2,1,44
BRDA:29,3,0,44
BRDA:29,3,1,44
BRDA:29,3,2,24
BRDA:42,4,0,1
BRDA:42,5,0,1
BRDA:42,5,1,1
BRDA:42,5,2,1
BRDA:42,5,3,1
BRDA:42,5,4,1
BRDA:157,6,0,1
BRDA:157,6,1,0
BRF:17
BRH:15
end_of_record
TN:
SF:src\hooks\useErrorField.jsx
FN:4,ErrorField
FNF:1
FNH:1
FNDA:276,ErrorField
DA:1,1
DA:2,1
DA:4,0
DA:6,276
DA:14,436
LF:5
LH:4
BRF:0
BRH:0
end_of_record
TN:
SF:src\hooks\useField.js
FN:3,(anonymous_1)
FN:11,(anonymous_2)
FN:21,(anonymous_3)
FN:31,(anonymous_4)
FN:41,(anonymous_5)
FN:50,(anonymous_6)
FN:77,(anonymous_7)
FN:81,(anonymous_8)
FNF:8
FNH:7
FNDA:545,(anonymous_1)
FNDA:0,(anonymous_2)
FNDA:122,(anonymous_3)
FNDA:1,(anonymous_4)
FNDA:76,(anonymous_5)
FNDA:140,(anonymous_6)
FNDA:20,(anonymous_7)
FNDA:45,(anonymous_8)
DA:1,1
DA:3,1
DA:5,545
DA:6,545
DA:7,545
DA:8,545
DA:9,545
DA:11,545
DA:12,0
DA:13,0
DA:14,0
DA:15,0
DA:18,0
DA:21,545
DA:22,122
DA:23,122
DA:24,0
DA:25,0
DA:28,122
DA:31,545
DA:32,1
DA:33,1
DA:34,1
DA:35,1
DA:36,1
DA:41,545
DA:42,76
DA:43,0
DA:44,0
DA:45,0
DA:46,0
DA:50,545
DA:52,140
DA:53,45
DA:54,45
DA:55,45
DA:56,4
DA:57,4
DA:59,41
DA:60,0
DA:61,0
DA:64,45
DA:65,4
DA:66,4
DA:67,4
DA:70,41
DA:71,41
DA:77,545
DA:78,20
DA:81,545
DA:82,45
DA:83,45
DA:86,545
DA:91,545
LF:54
LH:41
BRDA:14,0,0,0
BRDA:24,1,0,0
BRDA:32,2,0,1
BRDA:42,3,0,0
BRDA:45,4,0,0
BRDA:52,5,0,45
BRDA:55,6,0,4
BRDA:55,6,1,41
BRDA:57,7,0,4
BRDA:59,8,0,0
BRDA:64,9,0,4
BRDA:64,9,1,41
BRF:12
BRH:7
end_of_record
TN:
SF:src\hooks\useFormField.jsx
FN:3,FormField
FNF:1
FNH:1
FNDA:276,FormField
DA:1,1
DA:3,0
DA:23,436
LF:3
LH:2
BRF:0
BRH:0
end_of_record
TN:
SF:src\hooks\useSelector.js
FN:3,(anonymous_1)
FN:11,(anonymous_2)
FN:21,(anonymous_3)
FN:31,(anonymous_4)
FN:41,(anonymous_5)
FN:50,(anonymous_6)
FN:76,(anonymous_7)
FN:80,(anonymous_8)
FNF:8
FNH:3
FNDA:109,(anonymous_1)
FNDA:0,(anonymous_2)
FNDA:0,(anonymous_3)
FNDA:0,(anonymous_4)
FNDA:0,(anonymous_5)
FNDA:19,(anonymous_6)
FNDA:4,(anonymous_7)
FNDA:0,(anonymous_8)
DA:1,1
DA:3,1
DA:5,109
DA:6,109
DA:7,109
DA:8,109
DA:9,109
DA:11,109
DA:12,0
DA:13,0
DA:14,0
DA:15,0
DA:18,0
DA:21,109
DA:22,0
DA:23,0
DA:24,0
DA:25,0
DA:28,0
DA:31,109
DA:32,0
DA:33,0
DA:34,0
DA:35,0
DA:36,0
DA:41,109
DA:42,0
DA:43,0
DA:44,0
DA:45,0
DA:46,0
DA:50,109
DA:51,19
DA:52,0
DA:53,0
DA:54,0
DA:55,0
DA:56,0
DA:58,0
DA:59,0
DA:60,0
DA:63,0
DA:64,0
DA:65,0
DA:66,0
DA:69,0
DA:70,0
DA:76,109
DA:77,4
DA:80,109
DA:81,0
DA:82,0
DA:85,109
DA:88,109
LF:54
LH:18
BRDA:14,0,0,0
BRDA:24,1,0,0
BRDA:32,2,0,0
BRDA:42,3,0,0
BRDA:45,4,0,0
BRDA:51,5,0,0
BRDA:54,6,0,0
BRDA:54,6,1,0
BRDA:56,7,0,0
BRDA:58,8,0,0
BRDA:63,9,0,0
BRDA:63,9,1,0
BRF:12
BRH:0
end_of_record
TN:
SF:src\services\validateDni.js
FN:2,validateDNI
FNF:1
FNH:1
FNDA:44,validateDNI
DA:2,44
DA:4,44
DA:6,0
DA:8,0
DA:9,0
DA:12,0
DA:13,0
DA:14,0
DA:15,0
DA:16,0
DA:18,44
DA:19,0
DA:20,0
DA:21,44
DA:22,0
DA:23,0
DA:25,44
LF:17
LH:5
BRDA:4,0,0,0
BRDA:4,0,1,44
BRDA:8,1,0,0
BRDA:18,2,0,0
BRDA:18,2,1,44
BRDA:21,3,0,0
BRF:6
BRH:2
end_of_record
